# JRE version: OpenJDK Runtime Environment (8.0_144-b01) (build 1.8.0_144-b01)
# Java VM: OpenJDK 64-Bit Server VM (25.144-b01 mixed mode linux-amd64 compressed oops)
Heap:
 garbage-first heap   total 265216K, used 161657K [0x00000000c0000000, 0x00000000c0100818, 0x0000000100000000)
  region size 1024K, 68 young (69632K), 8 survivors (8192K)
 Metaspace       used 118447K, capacity 129332K, committed 129536K, reserved 1161216K
  class space    used 13622K, capacity 16862K, committed 16896K, reserved 1048576K
GC Heap History (10 events):
Event: 1448.772 GC heap before
{Heap before GC invocations=58 (full 0):
 garbage-first heap   total 265216K, used 232106K [0x00000000c0000000, 0x00000000c0100818, 0x0000000100000000)
  region size 1024K, 151 young (154624K), 5 survivors (5120K)
 Metaspace       used 116737K, capacity 127546K, committed 127872K, reserved 1161216K
  class space    used 13481K, capacity 16644K, committed 16768K, reserved 1048576K
Event: 1448.782 GC heap after
Heap after GC invocations=59 (full 0):
 garbage-first heap   total 265216K, used 81658K [0x00000000c0000000, 0x00000000c0100818, 0x0000000100000000)
  region size 1024K, 4 young (4096K), 4 survivors (4096K)
 Metaspace       used 116737K, capacity 127546K, committed 127872K, reserved 1161216K
  class space    used 13481K, capacity 16644K, committed 16768K, reserved 1048576K
}
Event: 1455.431 GC heap before
{Heap before GC invocations=59 (full 0):
 garbage-first heap   total 265216K, used 233210K [0x00000000c0000000, 0x00000000c0100818, 0x0000000100000000)
  region size 1024K, 152 young (155648K), 4 survivors (4096K)
 Metaspace       used 117126K, capacity 127942K, committed 128384K, reserved 1161216K
  class space    used 13485K, capacity 16646K, committed 16768K, reserved 1048576K
Event: 1455.450 GC heap after
Heap after GC invocations=60 (full 0):
 garbage-first heap   total 265216K, used 95994K [0x00000000c0000000, 0x00000000c0100818, 0x0000000100000000)
  region size 1024K, 18 young (18432K), 18 survivors (18432K)
 Metaspace       used 117126K, capacity 127942K, committed 128384K, reserved 1161216K
  class space    used 13485K, capacity 16646K, committed 16768K, reserved 1048576K
}
Event: 1462.236 GC heap before
{Heap before GC invocations=60 (full 0):
 garbage-first heap   total 265216K, used 218874K [0x00000000c0000000, 0x00000000c0100818, 0x0000000100000000)
  region size 1024K, 138 young (141312K), 18 survivors (18432K)
 Metaspace       used 117186K, capacity 128006K, committed 128384K, reserved 1161216K
  class space    used 13485K, capacity 16646K, committed 16768K, reserved 1048576K
Event: 1462.255 GC heap after
Heap after GC invocations=61 (full 0):
 garbage-first heap   total 265216K, used 99705K [0x00000000c0000000, 0x00000000c0100818, 0x0000000100000000)
  region size 1024K, 6 young (6144K), 6 survivors (6144K)
 Metaspace       used 117186K, capacity 128006K, committed 128384K, reserved 1161216K
  class space    used 13485K, capacity 16646K, committed 16768K, reserved 1048576K
}
Event: 1493.018 GC heap before
{Heap before GC invocations=61 (full 0):
 garbage-first heap   total 265216K, used 226681K [0x00000000c0000000, 0x00000000c0100818, 0x0000000100000000)
  region size 1024K, 130 young (133120K), 6 survivors (6144K)
 Metaspace       used 117272K, capacity 128076K, committed 128384K, reserved 1161216K
  class space    used 13492K, capacity 16647K, committed 16768K, reserved 1048576K
Event: 1493.035 GC heap after
Heap after GC invocations=62 (full 0):
 garbage-first heap   total 265216K, used 100217K [0x00000000c0000000, 0x00000000c0100818, 0x0000000100000000)
  region size 1024K, 7 young (7168K), 7 survivors (7168K)
 Metaspace       used 117272K, capacity 128076K, committed 128384K, reserved 1161216K
  class space    used 13492K, capacity 16647K, committed 16768K, reserved 1048576K
}
Event: 1556.712 GC heap before
{Heap before GC invocations=62 (full 0):
 garbage-first heap   total 265216K, used 228217K [0x00000000c0000000, 0x00000000c0100818, 0x0000000100000000)
  region size 1024K, 132 young (135168K), 7 survivors (7168K)
 Metaspace       used 117402K, capacity 128146K, committed 128384K, reserved 1161216K
  class space    used 13493K, capacity 16648K, committed 16768K, reserved 1048576K
Event: 1556.723 GC heap after
Heap after GC invocations=63 (full 0):
 garbage-first heap   total 265216K, used 101241K [0x00000000c0000000, 0x00000000c0100818, 0x0000000100000000)
  region size 1024K, 8 young (8192K), 8 survivors (8192K)
 Metaspace       used 117402K, capacity 128146K, committed 128384K, reserved 1161216K
  class space    used 13493K, capacity 16648K, committed 16768K, reserved 1048576K
}

