# JRE version: OpenJDK Runtime Environment (8.0_144-b01) (build 1.8.0_144-b01)
# Java VM: OpenJDK 64-Bit Server VM (25.144-b01 mixed mode linux-amd64 compressed oops)
Heap:
 garbage-first heap   total 262144K, used 78090K [0x00000000c0000000, 0x00000000c0100800, 0x0000000100000000)
  region size 1024K, 12 young (12288K), 11 survivors (11264K)
 Metaspace       used 110710K, capacity 121476K, committed 121600K, reserved 1155072K
  class space    used 13188K, capacity 16381K, committed 16384K, reserved 1048576K
GC Heap History (10 events):
Event: 163.467 GC heap before
{Heap before GC invocations=19 (full 0):
 garbage-first heap   total 262144K, used 223376K [0x00000000c0000000, 0x00000000c0100800, 0x0000000100000000)
  region size 1024K, 153 young (156672K), 8 survivors (8192K)
 Metaspace       used 98675K, capacity 108166K, committed 108416K, reserved 1142784K
  class space    used 11695K, capacity 14449K, committed 14464K, reserved 1048576K
Event: 163.481 GC heap after
Heap after GC invocations=20 (full 0):
 garbage-first heap   total 262144K, used 76042K [0x00000000c0000000, 0x00000000c0100800, 0x0000000100000000)
  region size 1024K, 9 young (9216K), 9 survivors (9216K)
 Metaspace       used 98675K, capacity 108166K, committed 108416K, reserved 1142784K
  class space    used 11695K, capacity 14449K, committed 14464K, reserved 1048576K
}
Event: 182.600 GC heap before
{Heap before GC invocations=20 (full 0):
 garbage-first heap   total 262144K, used 223498K [0x00000000c0000000, 0x00000000c0100800, 0x0000000100000000)
  region size 1024K, 153 young (156672K), 9 survivors (9216K)
 Metaspace       used 99222K, capacity 108808K, committed 109056K, reserved 1144832K
  class space    used 11733K, capacity 14489K, committed 14592K, reserved 1048576K
Event: 182.615 GC heap after
Heap after GC invocations=21 (full 0):
 garbage-first heap   total 262144K, used 76042K [0x00000000c0000000, 0x00000000c0100800, 0x0000000100000000)
  region size 1024K, 9 young (9216K), 9 survivors (9216K)
 Metaspace       used 99222K, capacity 108808K, committed 109056K, reserved 1144832K
  class space    used 11733K, capacity 14489K, committed 14592K, reserved 1048576K
}
Event: 214.281 GC heap before
{Heap before GC invocations=21 (full 0):
 garbage-first heap   total 262144K, used 223498K [0x00000000c0000000, 0x00000000c0100800, 0x0000000100000000)
  region size 1024K, 153 young (156672K), 9 survivors (9216K)
 Metaspace       used 108318K, capacity 119204K, committed 119424K, reserved 1153024K
  class space    used 12939K, capacity 16130K, committed 16256K, reserved 1048576K
Event: 214.300 GC heap after
Heap after GC invocations=22 (full 0):
 garbage-first heap   total 262144K, used 85770K [0x00000000c0000000, 0x00000000c0100800, 0x0000000100000000)
  region size 1024K, 18 young (18432K), 18 survivors (18432K)
 Metaspace       used 108318K, capacity 119204K, committed 119424K, reserved 1153024K
  class space    used 12939K, capacity 16130K, committed 16256K, reserved 1048576K
}
Event: 233.395 GC heap before
{Heap before GC invocations=22 (full 0):
 garbage-first heap   total 262144K, used 215818K [0x00000000c0000000, 0x00000000c0100800, 0x0000000100000000)
  region size 1024K, 145 young (148480K), 18 survivors (18432K)
 Metaspace       used 108786K, capacity 119522K, committed 119680K, reserved 1153024K
  class space    used 12977K, capacity 16167K, committed 16256K, reserved 1048576K
Event: 233.414 GC heap after
Heap after GC invocations=23 (full 0):
 garbage-first heap   total 262144K, used 78602K [0x00000000c0000000, 0x00000000c0100800, 0x0000000100000000)
  region size 1024K, 11 young (11264K), 11 survivors (11264K)
 Metaspace       used 108786K, capacity 119522K, committed 119680K, reserved 1153024K
  class space    used 12977K, capacity 16167K, committed 16256K, reserved 1048576K
}
Event: 248.499 GC heap before
{Heap before GC invocations=23 (full 0):
 garbage-first heap   total 262144K, used 222986K [0x00000000c0000000, 0x00000000c0100800, 0x0000000100000000)
  region size 1024K, 152 young (155648K), 11 survivors (11264K)
 Metaspace       used 110710K, capacity 121476K, committed 121600K, reserved 1155072K
  class space    used 13188K, capacity 16381K, committed 16384K, reserved 1048576K
Event: 248.516 GC heap after
Heap after GC invocations=24 (full 0):
 garbage-first heap   total 262144K, used 78090K [0x00000000c0000000, 0x00000000c0100800, 0x0000000100000000)
  region size 1024K, 11 young (11264K), 11 survivors (11264K)
 Metaspace       used 110710K, capacity 121476K, committed 121600K, reserved 1155072K
  class space    used 13188K, capacity 16381K, committed 16384K, reserved 1048576K
}

