# JRE version: OpenJDK Runtime Environment (8.0_144-b01) (build 1.8.0_144-b01)
# Java VM: OpenJDK 64-Bit Server VM (25.144-b01 mixed mode linux-amd64 compressed oops)
Heap:
 garbage-first heap   total 277504K, used 144512K [0x00000000c0000000, 0x00000000c0100878, 0x0000000100000000)
  region size 1024K, 31 young (31744K), 4 survivors (4096K)
 Metaspace       used 123625K, capacity 134696K, committed 134912K, reserved 1167360K
  class space    used 14099K, capacity 17349K, committed 17408K, reserved 1048576K
GC Heap History (10 events):
Event: 1355.079 GC heap before
{Heap before GC invocations=400 (full 0):
 garbage-first heap   total 277504K, used 223744K [0x00000000c0000000, 0x00000000c0100878, 0x0000000100000000)
  region size 1024K, 120 young (122880K), 15 survivors (15360K)
 Metaspace       used 122699K, capacity 133764K, committed 134016K, reserved 1165312K
  class space    used 13997K, capacity 17262K, committed 17280K, reserved 1048576K
Event: 1355.105 GC heap after
Heap after GC invocations=401 (full 0):
 garbage-first heap   total 277504K, used 116736K [0x00000000c0000000, 0x00000000c0100878, 0x0000000100000000)
  region size 1024K, 3 young (3072K), 3 survivors (3072K)
 Metaspace       used 122699K, capacity 133764K, committed 134016K, reserved 1165312K
  class space    used 13997K, capacity 17262K, committed 17280K, reserved 1048576K
}
Event: 1684.854 GC heap before
{Heap before GC invocations=401 (full 0):
 garbage-first heap   total 277504K, used 227328K [0x00000000c0000000, 0x00000000c0100878, 0x0000000100000000)
  region size 1024K, 111 young (113664K), 3 survivors (3072K)
 Metaspace       used 122740K, capacity 133764K, committed 134016K, reserved 1165312K
  class space    used 13998K, capacity 17262K, committed 17280K, reserved 1048576K
Event: 1684.871 GC heap after
Heap after GC invocations=402 (full 0):
 garbage-first heap   total 277504K, used 116736K [0x00000000c0000000, 0x00000000c0100878, 0x0000000100000000)
  region size 1024K, 3 young (3072K), 3 survivors (3072K)
 Metaspace       used 122740K, capacity 133764K, committed 134016K, reserved 1165312K
  class space    used 13998K, capacity 17262K, committed 17280K, reserved 1048576K
}
Event: 2027.228 GC heap before
{Heap before GC invocations=402 (full 0):
 garbage-first heap   total 277504K, used 231424K [0x00000000c0000000, 0x00000000c0100878, 0x0000000100000000)
  region size 1024K, 115 young (117760K), 3 survivors (3072K)
 Metaspace       used 122765K, capacity 133828K, committed 134016K, reserved 1165312K
  class space    used 13998K, capacity 17262K, committed 17280K, reserved 1048576K
Event: 2027.240 GC heap after
Heap after GC invocations=403 (full 0):
 garbage-first heap   total 277504K, used 115388K [0x00000000c0000000, 0x00000000c0100878, 0x0000000100000000)
  region size 1024K, 2 young (2048K), 2 survivors (2048K)
 Metaspace       used 122765K, capacity 133828K, committed 134016K, reserved 1165312K
  class space    used 13998K, capacity 17262K, committed 17280K, reserved 1048576K
}
Event: 2379.837 GC heap before
{Heap before GC invocations=403 (full 0):
 garbage-first heap   total 277504K, used 233148K [0x00000000c0000000, 0x00000000c0100878, 0x0000000100000000)
  region size 1024K, 117 young (119808K), 2 survivors (2048K)
 Metaspace       used 122817K, capacity 133832K, committed 134016K, reserved 1165312K
  class space    used 13998K, capacity 17262K, committed 17280K, reserved 1048576K
Event: 2379.848 GC heap after
Heap after GC invocations=404 (full 0):
 garbage-first heap   total 277504K, used 114899K [0x00000000c0000000, 0x00000000c0100878, 0x0000000100000000)
  region size 1024K, 1 young (1024K), 1 survivors (1024K)
 Metaspace       used 122817K, capacity 133832K, committed 134016K, reserved 1165312K
  class space    used 13998K, capacity 17262K, committed 17280K, reserved 1048576K
}
Event: 2509.761 GC heap before
{Heap before GC invocations=404 (full 0):
 garbage-first heap   total 277504K, used 236755K [0x00000000c0000000, 0x00000000c0100878, 0x0000000100000000)
  region size 1024K, 120 young (122880K), 1 survivors (1024K)
 Metaspace       used 123121K, capacity 134082K, committed 134272K, reserved 1167360K
  class space    used 14028K, capacity 17275K, committed 17280K, reserved 1048576K
Event: 2509.776 GC heap after
Heap after GC invocations=405 (full 0):
 garbage-first heap   total 277504K, used 117888K [0x00000000c0000000, 0x00000000c0100878, 0x0000000100000000)
  region size 1024K, 4 young (4096K), 4 survivors (4096K)
 Metaspace       used 123121K, capacity 134082K, committed 134272K, reserved 1167360K
  class space    used 14028K, capacity 17275K, committed 17280K, reserved 1048576K
}

