# JRE version: OpenJDK Runtime Environment (8.0_144-b01) (build 1.8.0_144-b01)
# Java VM: OpenJDK 64-Bit Server VM (25.144-b01 mixed mode linux-amd64 compressed oops)
Heap:
 garbage-first heap   total 273408K, used 229114K [0x00000000c0000000, 0x00000000c0100858, 0x0000000100000000)
  region size 1024K, 92 young (94208K), 9 survivors (9216K)
 Metaspace       used 120218K, capacity 131260K, committed 131540K, reserved 1163264K
  class space    used 13817K, capacity 17041K, committed 17152K, reserved 1048576K
GC Heap History (10 events):
Event: 1869.223 GC heap before
{Heap before GC invocations=55 (full 0):
 garbage-first heap   total 273408K, used 237395K [0x00000000c0000000, 0x00000000c0100858, 0x0000000100000000)
  region size 1024K, 121 young (123904K), 14 survivors (14336K)
 Metaspace       used 118837K, capacity 129560K, committed 129876K, reserved 1163264K
  class space    used 13661K, capacity 16876K, committed 17024K, reserved 1048576K
Event: 1869.245 GC heap after
Heap after GC invocations=56 (full 0):
 garbage-first heap   total 273408K, used 139434K [0x00000000c0000000, 0x00000000c0100858, 0x0000000100000000)
  region size 1024K, 11 young (11264K), 11 survivors (11264K)
 Metaspace       used 118837K, capacity 129560K, committed 129876K, reserved 1163264K
  class space    used 13661K, capacity 16876K, committed 17024K, reserved 1048576K
}
Event: 1869.587 GC heap before
{Heap before GC invocations=56 (full 0):
 garbage-first heap   total 273408K, used 230570K [0x00000000c0000000, 0x00000000c0100858, 0x0000000100000000)
  region size 1024K, 100 young (102400K), 11 survivors (11264K)
 Metaspace       used 118837K, capacity 129560K, committed 129876K, reserved 1163264K
  class space    used 13661K, capacity 16876K, committed 17024K, reserved 1048576K
Event: 1869.606 GC heap after
Heap after GC invocations=57 (full 0):
 garbage-first heap   total 273408K, used 145658K [0x00000000c0000000, 0x00000000c0100858, 0x0000000100000000)
  region size 1024K, 7 young (7168K), 7 survivors (7168K)
 Metaspace       used 118837K, capacity 129560K, committed 129876K, reserved 1163264K
  class space    used 13661K, capacity 16876K, committed 17024K, reserved 1048576K
}
Event: 1870.004 GC heap before
{Heap before GC invocations=58 (full 0):
 garbage-first heap   total 273408K, used 226554K [0x00000000c0000000, 0x00000000c0100858, 0x0000000100000000)
  region size 1024K, 94 young (96256K), 7 survivors (7168K)
 Metaspace       used 118863K, capacity 129536K, committed 129876K, reserved 1163264K
  class space    used 13667K, capacity 16872K, committed 17024K, reserved 1048576K
Event: 1870.026 GC heap after
Heap after GC invocations=59 (full 0):
 garbage-first heap   total 273408K, used 144122K [0x00000000c0000000, 0x00000000c0100858, 0x0000000100000000)
  region size 1024K, 12 young (12288K), 12 survivors (12288K)
 Metaspace       used 118863K, capacity 129536K, committed 129876K, reserved 1163264K
  class space    used 13667K, capacity 16872K, committed 17024K, reserved 1048576K
}
Event: 1870.031 GC heap before
{Heap before GC invocations=59 (full 0):
 garbage-first heap   total 273408K, used 145146K [0x00000000c0000000, 0x00000000c0100858, 0x0000000100000000)
  region size 1024K, 13 young (13312K), 12 survivors (12288K)
 Metaspace       used 118863K, capacity 129536K, committed 129876K, reserved 1163264K
  class space    used 13667K, capacity 16872K, committed 17024K, reserved 1048576K
Event: 1870.066 GC heap after
Heap after GC invocations=60 (full 0):
 garbage-first heap   total 273408K, used 138490K [0x00000000c0000000, 0x00000000c0100858, 0x0000000100000000)
  region size 1024K, 2 young (2048K), 2 survivors (2048K)
 Metaspace       used 118863K, capacity 129536K, committed 129876K, reserved 1163264K
  class space    used 13667K, capacity 16872K, committed 17024K, reserved 1048576K
}
Event: 2127.844 GC heap before
{Heap before GC invocations=60 (full 0):
 garbage-first heap   total 273408K, used 235770K [0x00000000c0000000, 0x00000000c0100858, 0x0000000100000000)
  region size 1024K, 97 young (99328K), 2 survivors (2048K)
 Metaspace       used 119137K, capacity 129962K, committed 130388K, reserved 1163264K
  class space    used 13696K, capacity 16919K, committed 17024K, reserved 1048576K
Event: 2127.865 GC heap after
Heap after GC invocations=61 (full 0):
 garbage-first heap   total 273408K, used 145146K [0x00000000c0000000, 0x00000000c0100858, 0x0000000100000000)
  region size 1024K, 9 young (9216K), 9 survivors (9216K)
 Metaspace       used 119137K, capacity 129962K, committed 130388K, reserved 1163264K
  class space    used 13696K, capacity 16919K, committed 17024K, reserved 1048576K
}

