# JRE version: OpenJDK Runtime Environment (8.0_144-b01) (build 1.8.0_144-b01)
# Java VM: OpenJDK 64-Bit Server VM (25.144-b01 mixed mode linux-amd64 compressed oops)
Heap:
 garbage-first heap   total 262144K, used 225732K [0x00000000c0000000, 0x00000000c0100800, 0x0000000100000000)
  region size 1024K, 121 young (123904K), 4 survivors (4096K)
 Metaspace       used 127197K, capacity 138106K, committed 138388K, reserved 1169408K
  class space    used 14310K, capacity 17433K, committed 17560K, reserved 1048576K
GC Heap History (10 events):
Event: 5994.447 GC heap before
{Heap before GC invocations=1534 (full 0):
 garbage-first heap   total 262144K, used 232518K [0x00000000c0000000, 0x00000000c0100800, 0x0000000100000000)
  region size 1024K, 127 young (130048K), 2 survivors (2048K)
 Metaspace       used 126319K, capacity 137312K, committed 137620K, reserved 1169408K
  class space    used 14195K, capacity 17283K, committed 17304K, reserved 1048576K
Event: 5994.452 GC heap after
Heap after GC invocations=1535 (full 0):
 garbage-first heap   total 262144K, used 103449K [0x00000000c0000000, 0x00000000c0100800, 0x0000000100000000)
  region size 1024K, 2 young (2048K), 2 survivors (2048K)
 Metaspace       used 126319K, capacity 137312K, committed 137620K, reserved 1169408K
  class space    used 14195K, capacity 17283K, committed 17304K, reserved 1048576K
}
Event: 6012.031 GC heap before
{Heap before GC invocations=1535 (full 0):
 garbage-first heap   total 262144K, used 231449K [0x00000000c0000000, 0x00000000c0100800, 0x0000000100000000)
  region size 1024K, 127 young (130048K), 2 survivors (2048K)
 Metaspace       used 126322K, capacity 137312K, committed 137620K, reserved 1169408K
  class space    used 14195K, capacity 17283K, committed 17304K, reserved 1048576K
Event: 6012.036 GC heap after
Heap after GC invocations=1536 (full 0):
 garbage-first heap   total 262144K, used 104360K [0x00000000c0000000, 0x00000000c0100800, 0x0000000100000000)
  region size 1024K, 3 young (3072K), 3 survivors (3072K)
 Metaspace       used 126322K, capacity 137312K, committed 137620K, reserved 1169408K
  class space    used 14195K, capacity 17283K, committed 17304K, reserved 1048576K
}
Event: 6019.222 GC heap before
{Heap before GC invocations=1536 (full 0):
 garbage-first heap   total 262144K, used 232361K [0x00000000c0000000, 0x00000000c0100800, 0x0000000100000000)
  region size 1024K, 126 young (129024K), 3 survivors (3072K)
 Metaspace       used 126348K, capacity 137312K, committed 137620K, reserved 1169408K
  class space    used 14195K, capacity 17283K, committed 17304K, reserved 1048576K
Event: 6019.231 GC heap after
Heap after GC invocations=1537 (full 0):
 garbage-first heap   total 262144K, used 105900K [0x00000000c0000000, 0x00000000c0100800, 0x0000000100000000)
  region size 1024K, 4 young (4096K), 4 survivors (4096K)
 Metaspace       used 126348K, capacity 137312K, committed 137620K, reserved 1169408K
  class space    used 14195K, capacity 17283K, committed 17304K, reserved 1048576K
}
Event: 6021.552 GC heap before
{Heap before GC invocations=1537 (full 0):
 garbage-first heap   total 262144K, used 230828K [0x00000000c0000000, 0x00000000c0100800, 0x0000000100000000)
  region size 1024K, 125 young (128000K), 4 survivors (4096K)
 Metaspace       used 126348K, capacity 137312K, committed 137620K, reserved 1169408K
  class space    used 14195K, capacity 17283K, committed 17304K, reserved 1048576K
Event: 6021.560 GC heap after
Heap after GC invocations=1538 (full 0):
 garbage-first heap   total 262144K, used 105924K [0x00000000c0000000, 0x00000000c0100800, 0x0000000100000000)
  region size 1024K, 4 young (4096K), 4 survivors (4096K)
 Metaspace       used 126348K, capacity 137312K, committed 137620K, reserved 1169408K
  class space    used 14195K, capacity 17283K, committed 17304K, reserved 1048576K
}
Event: 6025.537 GC heap before
{Heap before GC invocations=1538 (full 0):
 garbage-first heap   total 262144K, used 229828K [0x00000000c0000000, 0x00000000c0100800, 0x0000000100000000)
  region size 1024K, 125 young (128000K), 4 survivors (4096K)
 Metaspace       used 126348K, capacity 137312K, committed 137620K, reserved 1169408K
  class space    used 14195K, capacity 17283K, committed 17304K, reserved 1048576K
Event: 6025.543 GC heap after
Heap after GC invocations=1539 (full 0):
 garbage-first heap   total 262144K, used 105924K [0x00000000c0000000, 0x00000000c0100800, 0x0000000100000000)
  region size 1024K, 4 young (4096K), 4 survivors (4096K)
 Metaspace       used 126348K, capacity 137312K, committed 137620K, reserved 1169408K
  class space    used 14195K, capacity 17283K, committed 17304K, reserved 1048576K
}

